build/app/outputs/mapping/release/seeds.txt
dev.rubensilva.find_my_car.MainActivity
dev.rubensilva.find_my_car.MainActivity: MainActivity()
dev.rubensilva.find_my_car.R$attr: int adSize
dev.rubensilva.find_my_car.R$attr: int adSizes
dev.rubensilva.find_my_car.R$attr: int adUnitId
dev.rubensilva.find_my_car.R$attr: int alpha
dev.rubensilva.find_my_car.R$attr: int ambientEnabled
dev.rubensilva.find_my_car.R$attr: int buttonSize
dev.rubensilva.find_my_car.R$attr: int cameraBearing
dev.rubensilva.find_my_car.R$attr: int cameraMaxZoomPreference
dev.rubensilva.find_my_car.R$attr: int cameraMinZoomPreference
dev.rubensilva.find_my_car.R$attr: int cameraTargetLat
dev.rubensilva.find_my_car.R$attr: int cameraTargetLng
dev.rubensilva.find_my_car.R$attr: int cameraTilt
dev.rubensilva.find_my_car.R$attr: int cameraZoom
dev.rubensilva.find_my_car.R$attr: int circleCrop
dev.rubensilva.find_my_car.R$attr: int colorScheme
dev.rubensilva.find_my_car.R$attr: int coordinatorLayoutStyle
dev.rubensilva.find_my_car.R$attr: int font
dev.rubensilva.find_my_car.R$attr: int fontProviderAuthority
dev.rubensilva.find_my_car.R$attr: int fontProviderCerts
dev.rubensilva.find_my_car.R$attr: int fontProviderFetchStrategy
dev.rubensilva.find_my_car.R$attr: int fontProviderFetchTimeout
dev.rubensilva.find_my_car.R$attr: int fontProviderPackage
dev.rubensilva.find_my_car.R$attr: int fontProviderQuery
dev.rubensilva.find_my_car.R$attr: int fontStyle
dev.rubensilva.find_my_car.R$attr: int fontVariationSettings
dev.rubensilva.find_my_car.R$attr: int fontWeight
dev.rubensilva.find_my_car.R$attr: int imageAspectRatio
dev.rubensilva.find_my_car.R$color: int browser_actions_bg_grey
dev.rubensilva.find_my_car.R$color: int browser_actions_divider_color
dev.rubensilva.find_my_car.R$color: int browser_actions_text_color
dev.rubensilva.find_my_car.R$color: int browser_actions_title_color
dev.rubensilva.find_my_car.R$color: int common_google_signin_btn_text_dark
dev.rubensilva.find_my_car.R$color: int common_google_signin_btn_text_dark_default
dev.rubensilva.find_my_car.R$color: int common_google_signin_btn_text_dark_disabled
dev.rubensilva.find_my_car.R$color: int common_google_signin_btn_text_dark_focused
dev.rubensilva.find_my_car.R$color: int common_google_signin_btn_text_dark_pressed
dev.rubensilva.find_my_car.R$color: int common_google_signin_btn_text_light
dev.rubensilva.find_my_car.R$color: int common_google_signin_btn_text_light_default
dev.rubensilva.find_my_car.R$color: int common_google_signin_btn_text_light_disabled
dev.rubensilva.find_my_car.R$color: int common_google_signin_btn_text_light_focused
dev.rubensilva.find_my_car.R$color: int common_google_signin_btn_text_light_pressed
dev.rubensilva.find_my_car.R$color: int common_google_signin_btn_tint
dev.rubensilva.find_my_car.R$color: int notification_action_color_filter
dev.rubensilva.find_my_car.R$color: int notification_icon_bg_color
dev.rubensilva.find_my_car.R$color: int notification_material_background_media_default_color
dev.rubensilva.find_my_car.R$color: int primary_text_default_material_dark
...
com.google.android.gms.internal.ads.zzdgo: int zzgtw
com.google.android.gms.internal.ads.zzdgo: int zzgtx
com.google.android.gms.internal.ads.zzdgo: com.google.android.gms.internal.ads.zzdgo zzgty
com.google.android.gms.internal.ads.zzdgo: com.google.android.gms.internal.ads.zzdpu zzdv
com.google.android.gms.internal.ads.zzdgq: java.lang.String zzgtz
com.google.android.gms.internal.ads.zzdgq: com.google.android.gms.internal.ads.zzdmq zzgua
com.google.android.gms.internal.ads.zzdgq: int zzgub
com.google.android.gms.internal.ads.zzdgq: com.google.android.gms.internal.ads.zzdgq zzguc
com.google.android.gms.internal.ads.zzdgq: com.google.android.gms.internal.ads.zzdpu zzdv
com.google.android.gms.internal.ads.zzdgq$zzb: com.google.android.gms.internal.ads.zzdgq$zzb[] values()
com.google.android.gms.internal.ads.zzdgt: com.google.android.gms.internal.ads.zzdgt[] values()
com.google.android.gms.internal.ads.zzdgv: java.lang.String zzgtz
com.google.android.gms.internal.ads.zzdgv: com.google.android.gms.internal.ads.zzdmq zzgua
com.google.android.gms.internal.ads.zzdgv: int zzguq
com.google.android.gms.internal.ads.zzdgv: com.google.android.gms.internal.ads.zzdgv zzgur
com.google.android.gms.internal.ads.zzdgv: com.google.android.gms.internal.ads.zzdpu zzdv
com.google.android.gms.internal.ads.zzdgx: java.lang.String zzgus
com.google.android.gms.internal.ads.zzdgx: java.lang.String zzgtz
com.google.android.gms.internal.ads.zzdgx: int zzgut
com.google.android.gms.internal.ads.zzdgx: boolean zzguu
com.google.android.gms.internal.ads.zzdgx: java.lang.String zzguv
com.google.android.gms.internal.ads.zzdgx: com.google.android.gms.internal.ads.zzdgx zzguw
com.google.android.gms.internal.ads.zzdgx: com.google.android.gms.internal.ads.zzdpu zzdv
com.google.android.gms.internal.ads.zzdgz: int zzdj
com.google.android.gms.internal.ads.zzdgz: int zzgux
com.google.android.gms.internal.ads.zzdgz: com.google.android.gms.internal.ads.zzdoi zzguy
com.google.android.gms.internal.ads.zzdgz: com.google.android.gms.internal.ads.zzdgz zzguz
com.google.android.gms.internal.ads.zzdgz: com.google.android.gms.internal.ads.zzdpu zzdv
com.google.android.gms.internal.ads.zzdgz$zzb: com.google.android.gms.internal.ads.zzdgq zzgva
com.google.android.gms.internal.ads.zzdgz$zzb: int zzgvb
com.google.android.gms.internal.ads.zzdgz$zzb: int zzgvc
com.google.android.gms.internal.ads.zzdgz$zzb: int zzguq
com.google.android.gms.internal.ads.zzdgz$zzb: com.google.android.gms.internal.ads.zzdgz$zzb zzgvd
com.google.android.gms.internal.ads.zzdgz$zzb: com.google.android.gms.internal.ads.zzdpu zzdv
com.google.android.gms.internal.ads.zzdhb: int zzdj
com.google.android.gms.internal.ads.zzdhb: int zzgux
com.google.android.gms.internal.ads.zzdhb: com.google.android.gms.internal.ads.zzdoi zzgve
com.google.android.gms.internal.ads.zzdhb: com.google.android.gms.internal.ads.zzdhb zzgvf
com.google.android.gms.internal.ads.zzdhb: com.google.android.gms.internal.ads.zzdpu zzdv
com.google.android.gms.internal.ads.zzdhb$zzb: java.lang.String zzgtz
com.google.android.gms.internal.ads.zzdhb$zzb: int zzgvb
com.google.android.gms.internal.ads.zzdhb$zzb: int zzgvc
com.google.android.gms.internal.ads.zzdhb$zzb: int zzguq
com.google.android.gms.internal.ads.zzdhb$zzb: com.google.android.gms.internal.ads.zzdhb$zzb zzgvg
com.google.android.gms.internal.ads.zzdhb$zzb: com.google.android.gms.internal.ads.zzdpu zzdv
com.google.android.gms.internal.ads.zzdhd: int zzgqk
com.google.android.gms.internal.ads.zzdhd: com.google.android.gms.internal.ads.zzdhf zzgvh
com.google.android.gms.internal.ads.zzdhd: com.google.android.gms.internal.ads.zzdhd zzgvi
com.google.android.gms.internal.ads.zzdhd: com.google.android.gms.internal.ads.zzdpu zzdv
com.google.android.gms.internal.ads.zzdhf: java.lang.String zzgvj
com.google.android.gms.internal.ads.zzdhf: com.google.android.gms.internal.ads.zzdhf zzgvk
com.google.android.gms.internal.ads.zzdhf: com.google.android.gms.internal.ads.zzdpu zzdv