build/app/outputs/mapping/release/mapping.txt
dev.rubensilva.find_my_car.MainActivity -> dev.rubensilva.find_my_car.MainActivity:
    void <init>() -> <init>
    void onCreate(android.os.Bundle) -> onCreate
...
com.google.android.gms.internal.measurement.zztj -> com.google.android.gms.internal.g.da:
    int zzbtw -> c
    int zzbtx -> d
    void <init>(byte[],int,int) -> <init>
    byte zzam(int) -> a
    byte zzan(int) -> b
    int size() -> a
    int zzug() -> e
com.google.android.gms.internal.measurement.zztk -> com.google.android.gms.internal.g.db:
    byte[] zzc(byte[],int,int) -> a
com.google.android.gms.internal.measurement.zztl -> com.google.android.gms.internal.g.dc:
    byte nextByte() -> a
com.google.android.gms.internal.measurement.zztm -> com.google.android.gms.internal.g.dd:
    com.google.android.gms.internal.measurement.zztv zzbty -> a
    byte[] buffer -> b
    void <init>(int) -> <init>
    com.google.android.gms.internal.measurement.zzte zzuh() -> a
    com.google.android.gms.internal.measurement.zztv zzui() -> b
    void <init>(int,com.google.android.gms.internal.measurement.zztf) -> <init>
com.google.android.gms.internal.measurement.zztn -> com.google.android.gms.internal.g.de:
    void <init>() -> <init>
    boolean zza(com.google.android.gms.internal.measurement.zzte,int,int) -> a
com.google.android.gms.internal.measurement.zzto -> com.google.android.gms.internal.g.df:
    byte[] zzbtz -> b
    void <init>(byte[]) -> <init>
    byte zzam(int) -> a
    byte zzan(int) -> b
    int size() -> a
    com.google.android.gms.internal.measurement.zzte zzb(int,int) -> a
    void zza(com.google.android.gms.internal.measurement.zztd) -> a
    java.lang.String zza(java.nio.charset.Charset) -> a
    boolean zzue() -> c
    boolean equals(java.lang.Object) -> equals
    boolean zza(com.google.android.gms.internal.measurement.zzte,int,int) -> a
    int zza(int,int,int) -> a
    int zzug() -> e
com.google.android.gms.internal.measurement.zztp -> com.google.android.gms.internal.g.dg:
    void <init>() -> <init>
    byte[] zzc(byte[],int,int) -> a
    void <init>(com.google.android.gms.internal.measurement.zztf) -> <init>
com.google.android.gms.internal.measurement.zztq -> com.google.android.gms.internal.g.dh:
    int zzbua -> a
    int zzbub -> b
    int zzbuc -> d
    com.google.android.gms.internal.measurement.zztt zzbud -> c
    boolean zzbue -> e
    com.google.android.gms.internal.measurement.zztq zzd(byte[],int,int) -> a
    com.google.android.gms.internal.measurement.zztq zza(byte[],int,int,boolean) -> a
    void <init>() -> <init>
    int zzuj() -> a
    void zzap(int) -> a
    boolean zzaq(int) -> b
    double readDouble() -> b
    float readFloat() -> c
    long zzuk() -> d
    long zzul() -> e
    int zzum() -> f
    long zzun() -> g
    int zzuo() -> h
    boolean zzup() -> i
    java.lang.String readString() -> j
    java.lang.String zzuq() -> k
    com.google.android.gms.internal.measurement.zzvv zza(com.google.android.gms.internal.measurement.zzwf,com.google.android.gms.internal.measurement.zzub) -> a
    com.google.android.gms.internal.measurement.zzte zzur() -> l
    int zzus() -> m
    int zzut() -> n
    int zzuu() -> o
    long zzuv() -> p
    int zzuw() -> q
    long zzux() -> r
    long zzuy() -> s
    int zzar(int) -> c
    int zzas(int) -> d
    void zzat(int) -> e
    boolean zzuz() -> t
    int zzva() -> u
    void zzau(int) -> f
    void <init>(com.google.android.gms.internal.measurement.zztr) -> <init>
com.google.android.gms.internal.measurement.zztr -> com.google.android.gms.internal.g.di: