build/app/outputs/mapping/release/usage.txt
dev.rubensilva.find_my_car.BuildConfig
dev.rubensilva.find_my_car.R
dev.rubensilva.find_my_car.R$attr
dev.rubensilva.find_my_car.R$color
dev.rubensilva.find_my_car.R$dimen
dev.rubensilva.find_my_car.R$drawable
dev.rubensilva.find_my_car.R$id
dev.rubensilva.find_my_car.R$integer
dev.rubensilva.find_my_car.R$layout
dev.rubensilva.find_my_car.R$mipmap
dev.rubensilva.find_my_car.R$string
dev.rubensilva.find_my_car.R$style
dev.rubensilva.find_my_car.R$styleable
...
com.google.android.gms.common.internal.ICancelToken$Stub
com.google.android.gms.common.internal.ICancelToken$Stub$zza
com.google.android.gms.common.internal.IGmsServiceBroker$Stub:
    1:3:public IGmsServiceBroker$Stub()
    4:4:public android.os.IBinder asBinder()
com.google.android.gms.common.internal.IResolveAccountCallbacks
com.google.android.gms.common.internal.IResolveAccountCallbacks$Stub
com.google.android.gms.common.internal.IResolveAccountCallbacks$Stub$Proxy
com.google.android.gms.common.internal.ISignInButtonCreator
com.google.android.gms.common.internal.ImagesContract
com.google.android.gms.common.internal.LegacyInternalGmsClient
com.google.android.gms.common.internal.LibraryVersion
com.google.android.gms.common.internal.Objects:
    4:5:private Objects()
com.google.android.gms.common.internal.PendingResultUtil
com.google.android.gms.common.internal.PendingResultUtil$ResultConverter
com.google.android.gms.common.internal.PendingResultUtil$zaa
com.google.android.gms.common.internal.Preconditions:
    13:15:public static int checkNotZero(int,java.lang.Object)
    19:21:public static long checkNotZero(long,java.lang.Object)
    22:24:public static long checkNotZero(long)
    31:33:public static varargs void checkState(boolean,java.lang.String,java.lang.Object[])
    43:44:private Preconditions()
com.google.android.gms.common.internal.ResolveAccountResponse:
    8:9:public ResolveAccountResponse(com.google.android.gms.common.ConnectionResult)
    10:11:public ResolveAccountResponse(int)
    13:14:public com.google.android.gms.common.internal.ResolveAccountResponse setAccountAccessor(com.google.android.gms.common.internal.IAccountAccessor)
    17:18:public com.google.android.gms.common.internal.ResolveAccountResponse setSaveDefaultAccount(boolean)
    20:21:public com.google.android.gms.common.internal.ResolveAccountResponse setIsFromCrossClientAuth(boolean)
com.google.android.gms.common.internal.ResourceUtils
com.google.android.gms.common.internal.ServiceSpecificExtraArgs
com.google.android.gms.common.internal.ServiceSpecificExtraArgs$CastExtraArgs
com.google.android.gms.common.internal.ServiceSpecificExtraArgs$GamesExtraArgs
com.google.android.gms.common.internal.ServiceSpecificExtraArgs$PlusExtraArgs
com.google.android.gms.common.internal.ShowFirstParty
com.google.android.gms.common.internal.SignInButtonConfig
com.google.android.gms.common.internal.SignInButtonCreator
com.google.android.gms.common.internal.SignInButtonImpl
com.google.android.gms.common.internal.SimpleClientAdapter:
    1:3:public SimpleClientAdapter(android.content.Context,android.os.Looper,int,com.google.android.gms.common.api.GoogleApiClient$ConnectionCallbacks,com.google.android.gms.common.api.GoogleApiClient$OnConnectionFailedListener,com.google.android.gms.common.internal.ClientSettings,com.google.android.gms.common.api.Api$SimpleClient)
com.google.android.gms.common.internal.ViewUtils
com.google.android.gms.common.internal.constants.ListAppsActivityContract